<?xml version="1.0" encoding="UTF-8"?>
<testsuite xmlns:xsi="http://www.w3.org/2001/XMLSchema-instance" xsi:noNamespaceSchemaLocation="https://maven.apache.org/surefire/maven-surefire-plugin/xsd/surefire-test-report.xsd" name="TestSuite" time="256.793" tests="20" errors="0" skipped="16" failures="4">
  <properties>
[...]
</properties>
  <testcase name="registrationPage" classname="com.newtours.tests.BookFlightTest" time="62.97">
    <failure message="Expected condition failed: waiting for visibility of Proxy element for: DefaultElementLocator &apos;By.name: firstName&apos; (tried for 30 second(s) with 500 milliseconds interval)" type="org.openqa.selenium.TimeoutException">org.openqa.selenium.TimeoutException: Expected condition failed: waiting for visibility of Proxy element for: DefaultElementLocator 'By.name: firstName' (tried for 30 second(s) with 500 milliseconds interval)
	at com.newtours.tests.BookFlightTest.registrationPage(BookFlightTest.java:25)
Caused by: org.openqa.selenium.NoSuchElementException: 
no such element: Unable to locate element: {"method":"name","selector":"firstName"}
  (Session info: chrome=70.0.3538.77)
  (Driver info: chromedriver=2.43.600233 (523efee95e3d68b8719b3a1c83051aa63aa6b10d),platform=Linux 5.4.0-1021-gcp x86_64) (WARNING: The server did not provide any stacktrace information)
Command duration or timeout: 0 milliseconds
For documentation on this error, please visit: http://seleniumhq.org/exceptions/no_such_element.html
Build info: version: '3.14.0', revision: 'aacccce0', time: '2018-08-02T20:19:58.91Z'
System info: host: 'ubuntu', ip: '10.128.0.2', os.name: 'Linux', os.arch: 'amd64', os.version: '5.4.0-1021-gcp', java.version: '1.8.0_252'
Driver info: org.openqa.selenium.remote.RemoteWebDriver
Capabilities {acceptInsecureCerts: false, acceptSslCerts: false, applicationCacheEnabled: false, browserConnectionEnabled: false, browserName: chrome, chrome: {chromedriverVersion: 2.43.600233 (523efee95e3d68..., userDataDir: /tmp/.org.chromium.Chromium...}, cssSelectorsEnabled: true, databaseEnabled: false, goog:chromeOptions: {debuggerAddress: localhost:40941}, handlesAlerts: true, hasTouchScreen: false, javascriptEnabled: true, locationContextEnabled: true, mobileEmulationEnabled: false, nativeEvents: true, networkConnectionEnabled: false, pageLoadStrategy: normal, platform: LINUX, platformName: LINUX, rotatable: false, setWindowRect: true, takesHeapSnapshot: true, takesScreenshot: true, unexpectedAlertBehaviour: , unhandledPromptBehavior: , version: 70.0.3538.77, webStorageEnabled: true, webdriver.remote.sessionid: 5bb198040108e3da8203b4ab4ec...}
Session ID: 5bb198040108e3da8203b4ab4ec10710
*** Element info: {Using=name, value=firstName}
	at com.newtours.tests.BookFlightTest.registrationPage(BookFlightTest.java:25)
</failure>
    <system-err><![CDATA[Jul 25, 2020 2:43:00 PM org.openqa.selenium.remote.DesiredCapabilities chrome
INFO: Using `new ChromeOptions()` is preferred to `DesiredCapabilities.chrome()`
Jul 25, 2020 2:43:01 PM org.openqa.selenium.remote.ProtocolHandshake createSession
INFO: Detected dialect: OSS
]]></system-err>
  </testcase>
  <testcase name="registrationPage" classname="com.newtours.tests.BookFlightTest" time="62.943">
    <failure message="Expected condition failed: waiting for visibility of Proxy element for: DefaultElementLocator &apos;By.name: firstName&apos; (tried for 30 second(s) with 500 milliseconds interval)" type="org.openqa.selenium.TimeoutException">org.openqa.selenium.TimeoutException: Expected condition failed: waiting for visibility of Proxy element for: DefaultElementLocator 'By.name: firstName' (tried for 30 second(s) with 500 milliseconds interval)
	at com.newtours.tests.BookFlightTest.registrationPage(BookFlightTest.java:25)
Caused by: org.openqa.selenium.NoSuchElementException: 
no such element: Unable to locate element: {"method":"name","selector":"firstName"}
  (Session info: chrome=70.0.3538.77)
  (Driver info: chromedriver=2.43.600233 (523efee95e3d68b8719b3a1c83051aa63aa6b10d),platform=Linux 5.4.0-1021-gcp x86_64) (WARNING: The server did not provide any stacktrace information)
Command duration or timeout: 0 milliseconds
For documentation on this error, please visit: http://seleniumhq.org/exceptions/no_such_element.html
Build info: version: '3.14.0', revision: 'aacccce0', time: '2018-08-02T20:19:58.91Z'
System info: host: 'ubuntu', ip: '10.128.0.2', os.name: 'Linux', os.arch: 'amd64', os.version: '5.4.0-1021-gcp', java.version: '1.8.0_252'
Driver info: org.openqa.selenium.remote.RemoteWebDriver
Capabilities {acceptInsecureCerts: false, acceptSslCerts: false, applicationCacheEnabled: false, browserConnectionEnabled: false, browserName: chrome, chrome: {chromedriverVersion: 2.43.600233 (523efee95e3d68..., userDataDir: /tmp/.org.chromium.Chromium...}, cssSelectorsEnabled: true, databaseEnabled: false, goog:chromeOptions: {debuggerAddress: localhost:34781}, handlesAlerts: true, hasTouchScreen: false, javascriptEnabled: true, locationContextEnabled: true, mobileEmulationEnabled: false, nativeEvents: true, networkConnectionEnabled: false, pageLoadStrategy: normal, platform: LINUX, platformName: LINUX, rotatable: false, setWindowRect: true, takesHeapSnapshot: true, takesScreenshot: true, unexpectedAlertBehaviour: , unhandledPromptBehavior: , version: 70.0.3538.77, webStorageEnabled: true, webdriver.remote.sessionid: 1e9b34c56f3ed8bb69e8a91861e...}
Session ID: 1e9b34c56f3ed8bb69e8a91861ee46c3
*** Element info: {Using=name, value=firstName}
	at com.newtours.tests.BookFlightTest.registrationPage(BookFlightTest.java:25)
</failure>
    <system-err><![CDATA[Jul 25, 2020 2:44:04 PM org.openqa.selenium.remote.DesiredCapabilities chrome
INFO: Using `new ChromeOptions()` is preferred to `DesiredCapabilities.chrome()`
Jul 25, 2020 2:44:05 PM org.openqa.selenium.remote.ProtocolHandshake createSession
INFO: Detected dialect: OSS
]]></system-err>
  </testcase>
  <testcase name="registrationPage" classname="com.newtours.tests.BookFlightTest" time="62.876">
    <failure message="Expected condition failed: waiting for visibility of Proxy element for: DefaultElementLocator &apos;By.name: firstName&apos; (tried for 30 second(s) with 500 milliseconds interval)" type="org.openqa.selenium.TimeoutException">org.openqa.selenium.TimeoutException: Expected condition failed: waiting for visibility of Proxy element for: DefaultElementLocator 'By.name: firstName' (tried for 30 second(s) with 500 milliseconds interval)
	at com.newtours.tests.BookFlightTest.registrationPage(BookFlightTest.java:25)
Caused by: org.openqa.selenium.NoSuchElementException: 
no such element: Unable to locate element: {"method":"name","selector":"firstName"}
  (Session info: chrome=70.0.3538.77)
  (Driver info: chromedriver=2.43.600233 (523efee95e3d68b8719b3a1c83051aa63aa6b10d),platform=Linux 5.4.0-1021-gcp x86_64) (WARNING: The server did not provide any stacktrace information)
Command duration or timeout: 0 milliseconds
For documentation on this error, please visit: http://seleniumhq.org/exceptions/no_such_element.html
Build info: version: '3.14.0', revision: 'aacccce0', time: '2018-08-02T20:19:58.91Z'
System info: host: 'ubuntu', ip: '10.128.0.2', os.name: 'Linux', os.arch: 'amd64', os.version: '5.4.0-1021-gcp', java.version: '1.8.0_252'
Driver info: org.openqa.selenium.remote.RemoteWebDriver
Capabilities {acceptInsecureCerts: false, acceptSslCerts: false, applicationCacheEnabled: false, browserConnectionEnabled: false, browserName: chrome, chrome: {chromedriverVersion: 2.43.600233 (523efee95e3d68..., userDataDir: /tmp/.org.chromium.Chromium...}, cssSelectorsEnabled: true, databaseEnabled: false, goog:chromeOptions: {debuggerAddress: localhost:46227}, handlesAlerts: true, hasTouchScreen: false, javascriptEnabled: true, locationContextEnabled: true, mobileEmulationEnabled: false, nativeEvents: true, networkConnectionEnabled: false, pageLoadStrategy: normal, platform: LINUX, platformName: LINUX, rotatable: false, setWindowRect: true, takesHeapSnapshot: true, takesScreenshot: true, unexpectedAlertBehaviour: , unhandledPromptBehavior: , version: 70.0.3538.77, webStorageEnabled: true, webdriver.remote.sessionid: bf81938f1c9323b8ff3389d880d...}
Session ID: bf81938f1c9323b8ff3389d880dd6810
*** Element info: {Using=name, value=firstName}
	at com.newtours.tests.BookFlightTest.registrationPage(BookFlightTest.java:25)
</failure>
    <system-err><![CDATA[Jul 25, 2020 2:45:08 PM org.openqa.selenium.remote.DesiredCapabilities chrome
INFO: Using `new ChromeOptions()` is preferred to `DesiredCapabilities.chrome()`
Jul 25, 2020 2:45:09 PM org.openqa.selenium.remote.ProtocolHandshake createSession
INFO: Detected dialect: OSS
]]></system-err>
  </testcase>
  <testcase name="registrationPage" classname="com.newtours.tests.BookFlightTest" time="62.917">
    <failure message="Expected condition failed: waiting for visibility of Proxy element for: DefaultElementLocator &apos;By.name: firstName&apos; (tried for 30 second(s) with 500 milliseconds interval)" type="org.openqa.selenium.TimeoutException">org.openqa.selenium.TimeoutException: Expected condition failed: waiting for visibility of Proxy element for: DefaultElementLocator 'By.name: firstName' (tried for 30 second(s) with 500 milliseconds interval)
	at com.newtours.tests.BookFlightTest.registrationPage(BookFlightTest.java:25)
Caused by: org.openqa.selenium.NoSuchElementException: 
no such element: Unable to locate element: {"method":"name","selector":"firstName"}
  (Session info: chrome=70.0.3538.77)
  (Driver info: chromedriver=2.43.600233 (523efee95e3d68b8719b3a1c83051aa63aa6b10d),platform=Linux 5.4.0-1021-gcp x86_64) (WARNING: The server did not provide any stacktrace information)
Command duration or timeout: 0 milliseconds
For documentation on this error, please visit: http://seleniumhq.org/exceptions/no_such_element.html
Build info: version: '3.14.0', revision: 'aacccce0', time: '2018-08-02T20:19:58.91Z'
System info: host: 'ubuntu', ip: '10.128.0.2', os.name: 'Linux', os.arch: 'amd64', os.version: '5.4.0-1021-gcp', java.version: '1.8.0_252'
Driver info: org.openqa.selenium.remote.RemoteWebDriver
Capabilities {acceptInsecureCerts: false, acceptSslCerts: false, applicationCacheEnabled: false, browserConnectionEnabled: false, browserName: chrome, chrome: {chromedriverVersion: 2.43.600233 (523efee95e3d68..., userDataDir: /tmp/.org.chromium.Chromium...}, cssSelectorsEnabled: true, databaseEnabled: false, goog:chromeOptions: {debuggerAddress: localhost:45403}, handlesAlerts: true, hasTouchScreen: false, javascriptEnabled: true, locationContextEnabled: true, mobileEmulationEnabled: false, nativeEvents: true, networkConnectionEnabled: false, pageLoadStrategy: normal, platform: LINUX, platformName: LINUX, rotatable: false, setWindowRect: true, takesHeapSnapshot: true, takesScreenshot: true, unexpectedAlertBehaviour: , unhandledPromptBehavior: , version: 70.0.3538.77, webStorageEnabled: true, webdriver.remote.sessionid: fa91d102c91a035876fb41bae92...}
Session ID: fa91d102c91a035876fb41bae924a128
*** Element info: {Using=name, value=firstName}
	at com.newtours.tests.BookFlightTest.registrationPage(BookFlightTest.java:25)
</failure>
    <system-err><![CDATA[Jul 25, 2020 2:46:12 PM org.openqa.selenium.remote.DesiredCapabilities chrome
INFO: Using `new ChromeOptions()` is preferred to `DesiredCapabilities.chrome()`
Jul 25, 2020 2:46:13 PM org.openqa.selenium.remote.ProtocolHandshake createSession
INFO: Detected dialect: OSS
]]></system-err>
  </testcase>
  <testcase name="registrationConfirmationPage" classname="com.newtours.tests.BookFlightTest" time="0">
    <skipped message="Method BookFlightTest.registrationConfirmationPage()[pri:0, instance:com.newtours.tests.BookFlightTest@2c6a3f77] depends on not successfully finished methods"/>
  </testcase>
  <testcase name="registrationConfirmationPage" classname="com.newtours.tests.BookFlightTest" time="0">
    <skipped message="Method BookFlightTest.registrationConfirmationPage()[pri:0, instance:com.newtours.tests.BookFlightTest@3551a94] depends on not successfully finished methods"/>
  </testcase>
  <testcase name="registrationConfirmationPage" classname="com.newtours.tests.BookFlightTest" time="0">
    <skipped message="Method BookFlightTest.registrationConfirmationPage()[pri:0, instance:com.newtours.tests.BookFlightTest@61dc03ce] depends on not successfully finished methods"/>
  </testcase>
  <testcase name="registrationConfirmationPage" classname="com.newtours.tests.BookFlightTest" time="0">
    <skipped message="Method BookFlightTest.registrationConfirmationPage()[pri:0, instance:com.newtours.tests.BookFlightTest@7f560810] depends on not successfully finished methods"/>
  </testcase>
  <testcase name="flightDetailsPage" classname="com.newtours.tests.BookFlightTest" time="0">
    <skipped message="Method BookFlightTest.flightDetailsPage()[pri:0, instance:com.newtours.tests.BookFlightTest@2c6a3f77] depends on not successfully finished methods"/>
  </testcase>
  <testcase name="flightDetailsPage" classname="com.newtours.tests.BookFlightTest" time="0">
    <skipped message="Method BookFlightTest.flightDetailsPage()[pri:0, instance:com.newtours.tests.BookFlightTest@3551a94] depends on not successfully finished methods"/>
  </testcase>
  <testcase name="flightDetailsPage" classname="com.newtours.tests.BookFlightTest" time="0">
    <skipped message="Method BookFlightTest.flightDetailsPage()[pri:0, instance:com.newtours.tests.BookFlightTest@61dc03ce] depends on not successfully finished methods"/>
  </testcase>
  <testcase name="flightDetailsPage" classname="com.newtours.tests.BookFlightTest" time="0">
    <skipped message="Method BookFlightTest.flightDetailsPage()[pri:0, instance:com.newtours.tests.BookFlightTest@7f560810] depends on not successfully finished methods"/>
  </testcase>
  <testcase name="findFlightPage" classname="com.newtours.tests.BookFlightTest" time="0">
    <skipped message="Method BookFlightTest.findFlightPage()[pri:0, instance:com.newtours.tests.BookFlightTest@2c6a3f77] depends on not successfully finished methods"/>
  </testcase>
  <testcase name="findFlightPage" classname="com.newtours.tests.BookFlightTest" time="0">
    <skipped message="Method BookFlightTest.findFlightPage()[pri:0, instance:com.newtours.tests.BookFlightTest@3551a94] depends on not successfully finished methods"/>
  </testcase>
  <testcase name="findFlightPage" classname="com.newtours.tests.BookFlightTest" time="0">
    <skipped message="Method BookFlightTest.findFlightPage()[pri:0, instance:com.newtours.tests.BookFlightTest@61dc03ce] depends on not successfully finished methods"/>
  </testcase>
  <testcase name="findFlightPage" classname="com.newtours.tests.BookFlightTest" time="0">
    <skipped message="Method BookFlightTest.findFlightPage()[pri:0, instance:com.newtours.tests.BookFlightTest@7f560810] depends on not successfully finished methods"/>
  </testcase>
  <testcase name="flightConfirmationPage" classname="com.newtours.tests.BookFlightTest" time="0">
    <skipped message="Method BookFlightTest.flightConfirmationPage()[pri:0, instance:com.newtours.tests.BookFlightTest@2c6a3f77] depends on not successfully finished methods"/>
  </testcase>
  <testcase name="flightConfirmationPage" classname="com.newtours.tests.BookFlightTest" time="0">
    <skipped message="Method BookFlightTest.flightConfirmationPage()[pri:0, instance:com.newtours.tests.BookFlightTest@3551a94] depends on not successfully finished methods"/>
  </testcase>
  <testcase name="flightConfirmationPage" classname="com.newtours.tests.BookFlightTest" time="0">
    <skipped message="Method BookFlightTest.flightConfirmationPage()[pri:0, instance:com.newtours.tests.BookFlightTest@61dc03ce] depends on not successfully finished methods"/>
  </testcase>
  <testcase name="flightConfirmationPage" classname="com.newtours.tests.BookFlightTest" time="0">
    <skipped message="Method BookFlightTest.flightConfirmationPage()[pri:0, instance:com.newtours.tests.BookFlightTest@7f560810] depends on not successfully finished methods"/>
  </testcase>
</testsuite>